Build started 2016-01-10 19:11:42.
     1>Project "C:\Users\Hampus\documents\visual studio 2013\Projects\SFMLProject\SFMLProject\SFMLProject.vcxproj" on node 2 (Build target(s)).
     1>ClCompile:
         C:\Program Files (x86)\Microsoft Visual Studio 12.0\VC\bin\CL.exe /c /I"C:\Users\Hampus\Documents\Visual Studio 2013\Libraries\SFML\include" /Zi /nologo /W3 /WX- /sdl /O2 /Oi /Oy- /GL /D WIN32 /D NDEBUG /D _CONSOLE /D _LIB /D _UNICODE /D UNICODE /Gm- /EHsc /MD /GS /Gy /fp:precise /Zc:wchar_t /Zc:forScope /Fo"Release\\" /Fd"Release\vc120.pdb" /Gd /TP /analyze- /errorReport:prompt Game.cpp
         Game.cpp
     1>Game.cpp(134): warning C4244: 'initializing' : conversion from 'double' to 'float', possible loss of data
     1>Game.cpp(189): warning C4244: 'argument' : conversion from 'int' to 'float', possible loss of data
     1>Game.cpp(193): warning C4244: 'argument' : conversion from 'float' to 'int', possible loss of data
     1>Game.cpp(255): warning C4305: '+=' : truncation from 'double' to 'float'
       Link:
         C:\Program Files (x86)\Microsoft Visual Studio 12.0\VC\bin\link.exe /ERRORREPORT:PROMPT /OUT:"C:\Users\Hampus\documents\visual studio 2013\Projects\SFMLProject\Release\SFMLProject.exe" /INCREMENTAL:NO /NOLOGO /LIBPATH:"C:\Users\Hampus\Documents\Visual Studio 2013\Libraries\SFML\lib" "sfml-graphics.lib" "sfml-window.lib" "sfml-system.lib" kernel32.lib user32.lib gdi32.lib winspool.lib comdlg32.lib advapi32.lib shell32.lib ole32.lib oleaut32.lib uuid.lib odbc32.lib odbccp32.lib kernel32.lib user32.lib gdi32.lib winspool.lib comdlg32.lib advapi32.lib shell32.lib ole32.lib oleaut32.lib uuid.lib odbc32.lib odbccp32.lib /MANIFEST /MANIFESTUAC:"level='asInvoker' uiAccess='false'" /manifest:embed /DEBUG /PDB:"C:\Users\Hampus\documents\visual studio 2013\Projects\SFMLProject\Release\SFMLProject.pdb" /SUBSYSTEM:CONSOLE /OPT:REF /OPT:ICF /LTCG /TLBID:1 /DYNAMICBASE /NXCOMPAT /IMPLIB:"C:\Users\Hampus\documents\visual studio 2013\Projects\SFMLProject\Release\SFMLProject.lib" /MACHINE:X86 /SAFESEH Release\Bullet.obj
         Release\Enemy.obj
         Release\EnemyEasy.obj
         Release\EnemySmall.obj
         Release\Game.obj
         Release\main.obj
         Release\Player.obj
         Release\PowerUp.obj
         Generating code
         Finished generating code
         SFMLProject.vcxproj -> C:\Users\Hampus\documents\visual studio 2013\Projects\SFMLProject\Release\SFMLProject.exe
     1>Done Building Project "C:\Users\Hampus\documents\visual studio 2013\Projects\SFMLProject\SFMLProject\SFMLProject.vcxproj" (Build target(s)).

Build succeeded.

Time Elapsed 00:00:01.95
